# JRE version: OpenJDK Runtime Environment (8.0_282-b08) (build 1.8.0_282-8u282-b08-0ubuntu1~18.04-b08)
# Java VM: OpenJDK 64-Bit Server VM (25.282-b08 mixed mode linux-amd64 compressed oops)
Heap:
 PSYoungGen      total 186880K, used 106038K [0x00000000f0000000, 0x0000000100000000, 0x0000000100000000)
  eden space 118784K, 45% used [0x00000000f0000000,0x00000000f3525ae0,0x00000000f7400000)
  from space 68096K, 75% used [0x00000000fbd80000,0x00000000fefe7e88,0x0000000100000000)
  to   space 71680K, 0% used [0x00000000f7400000,0x00000000f7400000,0x00000000fba00000)
 ParOldGen       total 524288K, used 77458K [0x00000000d0000000, 0x00000000f0000000, 0x00000000f0000000)
  object space 524288K, 14% used [0x00000000d0000000,0x00000000d4ba4980,0x00000000f0000000)
 Metaspace       used 77648K, capacity 81662K, committed 81788K, reserved 1120256K
  class space    used 9838K, capacity 10856K, committed 10928K, reserved 1048576K
GC Heap History (10 events):
Event: 1208.199 GC heap before
{Heap before GC invocations=33 (full 3):
 PSYoungGen      total 208384K, used 208271K [0x00000000f0000000, 0x0000000100000000, 0x0000000100000000)
  eden space 166912K, 100% used [0x00000000f0000000,0x00000000fa300000,0x00000000fa300000)
  from space 41472K, 99% used [0x00000000fa300000,0x00000000fcb63fa8,0x00000000fcb80000)
  to   space 51712K, 0% used [0x00000000fcd80000,0x00000000fcd80000,0x0000000100000000)
 ParOldGen       total 524288K, used 77418K [0x00000000d0000000, 0x00000000f0000000, 0x00000000f0000000)
  object space 524288K, 14% used [0x00000000d0000000,0x00000000d4b9a980,0x00000000f0000000)
 Metaspace       used 72721K, capacity 76202K, committed 76412K, reserved 1116160K
  class space    used 9444K, capacity 10396K, committed 10416K, reserved 1048576K
Event: 1208.217 GC heap after
Heap after GC invocations=33 (full 3):
 PSYoungGen      total 197120K, used 49495K [0x00000000f0000000, 0x0000000100000000, 0x0000000100000000)
  eden space 145408K, 0% used [0x00000000f0000000,0x00000000f0000000,0x00000000f8e00000)
  from space 51712K, 95% used [0x00000000fcd80000,0x00000000ffdd5e88,0x0000000100000000)
  to   space 58368K, 0% used [0x00000000f8e00000,0x00000000f8e00000,0x00000000fc700000)
 ParOldGen       total 524288K, used 77426K [0x00000000d0000000, 0x00000000f0000000, 0x00000000f0000000)
  object space 524288K, 14% used [0x00000000d0000000,0x00000000d4b9c980,0x00000000f0000000)
 Metaspace       used 72721K, capacity 76202K, committed 76412K, reserved 1116160K
  class space    used 9444K, capacity 10396K, committed 10416K, reserved 1048576K
}
Event: 2267.810 GC heap before
{Heap before GC invocations=34 (full 3):
 PSYoungGen      total 197120K, used 194903K [0x00000000f0000000, 0x0000000100000000, 0x0000000100000000)
  eden space 145408K, 100% used [0x00000000f0000000,0x00000000f8e00000,0x00000000f8e00000)
  from space 51712K, 95% used [0x00000000fcd80000,0x00000000ffdd5e88,0x0000000100000000)
  to   space 58368K, 0% used [0x00000000f8e00000,0x00000000f8e00000,0x00000000fc700000)
 ParOldGen       total 524288K, used 77426K [0x00000000d0000000, 0x00000000f0000000, 0x00000000f0000000)
  object space 524288K, 14% used [0x00000000d0000000,0x00000000d4b9c980,0x00000000f0000000)
 Metaspace       used 73051K, capacity 76670K, committed 76796K, reserved 1116160K
  class space    used 9516K, capacity 10487K, committed 10544K, reserved 1048576K
Event: 2267.838 GC heap after
Heap after GC invocations=34 (full 3):
 PSYoungGen      total 187904K, used 43747K [0x00000000f0000000, 0x0000000100000000, 0x0000000100000000)
  eden space 143872K, 0% used [0x00000000f0000000,0x00000000f0000000,0x00000000f8c80000)
  from space 44032K, 99% used [0x00000000f8e00000,0x00000000fb8b8c20,0x00000000fb900000)
  to   space 61440K, 0% used [0x00000000fc400000,0x00000000fc400000,0x0000000100000000)
 ParOldGen       total 524288K, used 77434K [0x00000000d0000000, 0x00000000f0000000, 0x00000000f0000000)
  object space 524288K, 14% used [0x00000000d0000000,0x00000000d4b9e980,0x00000000f0000000)
 Metaspace       used 73051K, capacity 76670K, committed 76796K, reserved 1116160K
  class space    used 9516K, capacity 10487K, committed 10544K, reserved 1048576K
}
Event: 2602.300 GC heap before
{Heap before GC invocations=35 (full 3):
 PSYoungGen      total 187904K, used 187619K [0x00000000f0000000, 0x0000000100000000, 0x0000000100000000)
  eden space 143872K, 100% used [0x00000000f0000000,0x00000000f8c80000,0x00000000f8c80000)
  from space 44032K, 99% used [0x00000000f8e00000,0x00000000fb8b8c20,0x00000000fb900000)
  to   space 61440K, 0% used [0x00000000fc400000,0x00000000fc400000,0x0000000100000000)
 ParOldGen       total 524288K, used 77434K [0x00000000d0000000, 0x00000000f0000000, 0x00000000f0000000)
  object space 524288K, 14% used [0x00000000d0000000,0x00000000d4b9e980,0x00000000f0000000)
 Metaspace       used 73299K, capacity 76994K, committed 77180K, reserved 1116160K
  class space    used 9554K, capacity 10554K, committed 10672K, reserved 1048576K
Event: 2602.316 GC heap after
Heap after GC invocations=35 (full 3):
 PSYoungGen      total 195584K, used 44316K [0x00000000f0000000, 0x0000000100000000, 0x0000000100000000)
  eden space 134144K, 0% used [0x00000000f0000000,0x00000000f0000000,0x00000000f8300000)
  from space 61440K, 72% used [0x00000000fc400000,0x00000000fef470f8,0x0000000100000000)
  to   space 64000K, 0% used [0x00000000f8300000,0x00000000f8300000,0x00000000fc180000)
 ParOldGen       total 524288K, used 77442K [0x00000000d0000000, 0x00000000f0000000, 0x00000000f0000000)
  object space 524288K, 14% used [0x00000000d0000000,0x00000000d4ba0980,0x00000000f0000000)
 Metaspace       used 73299K, capacity 76994K, committed 77180K, reserved 1116160K
  class space    used 9554K, capacity 10554K, committed 10672K, reserved 1048576K
}
Event: 2666.633 GC heap before
{Heap before GC invocations=36 (full 3):
 PSYoungGen      total 195584K, used 178460K [0x00000000f0000000, 0x0000000100000000, 0x0000000100000000)
  eden space 134144K, 100% used [0x00000000f0000000,0x00000000f8300000,0x00000000f8300000)
  from space 61440K, 72% used [0x00000000fc400000,0x00000000fef470f8,0x0000000100000000)
  to   space 64000K, 0% used [0x00000000f8300000,0x00000000f8300000,0x00000000fc180000)
 ParOldGen       total 524288K, used 77442K [0x00000000d0000000, 0x00000000f0000000, 0x00000000f0000000)
  object space 524288K, 14% used [0x00000000d0000000,0x00000000d4ba0980,0x00000000f0000000)
 Metaspace       used 77125K, capacity 80872K, committed 81148K, reserved 1120256K
  class space    used 9772K, capacity 10770K, committed 10800K, reserved 1048576K
Event: 2666.664 GC heap after
Heap after GC invocations=36 (full 3):
 PSYoungGen      total 183296K, used 50141K [0x00000000f0000000, 0x0000000100000000, 0x0000000100000000)
  eden space 133120K, 0% used [0x00000000f0000000,0x00000000f0000000,0x00000000f8200000)
  from space 50176K, 99% used [0x00000000f8300000,0x00000000fb3f7498,0x00000000fb400000)
  to   space 68096K, 0% used [0x00000000fbd80000,0x00000000fbd80000,0x0000000100000000)
 ParOldGen       total 524288K, used 77450K [0x00000000d0000000, 0x00000000f0000000, 0x00000000f0000000)
  object space 524288K, 14% used [0x00000000d0000000,0x00000000d4ba2980,0x00000000f0000000)
 Metaspace       used 77125K, capacity 80872K, committed 81148K, reserved 1120256K
  class space    used 9772K, capacity 10770K, committed 10800K, reserved 1048576K
}
Event: 4257.617 GC heap before
{Heap before GC invocations=37 (full 3):
 PSYoungGen      total 183296K, used 183261K [0x00000000f0000000, 0x0000000100000000, 0x0000000100000000)
  eden space 133120K, 100% used [0x00000000f0000000,0x00000000f8200000,0x00000000f8200000)
  from space 50176K, 99% used [0x00000000f8300000,0x00000000fb3f7498,0x00000000fb400000)
  to   space 68096K, 0% used [0x00000000fbd80000,0x00000000fbd80000,0x0000000100000000)
 ParOldGen       total 524288K, used 77450K [0x00000000d0000000, 0x00000000f0000000, 0x00000000f0000000)
  object space 524288K, 14% used [0x00000000d0000000,0x00000000d4ba2980,0x00000000f0000000)
 Metaspace       used 77567K, capacity 81462K, committed 81788K, reserved 1120256K
  class space    used 9820K, capacity 10840K, committed 10928K, reserved 1048576K
Event: 4257.642 GC heap after
Heap after GC invocations=37 (full 3):
 PSYoungGen      total 186880K, used 51615K [0x00000000f0000000, 0x0000000100000000, 0x0000000100000000)
  eden space 118784K, 0% used [0x00000000f0000000,0x00000000f0000000,0x00000000f7400000)
  from space 68096K, 75% used [0x00000000fbd80000,0x00000000fefe7e88,0x0000000100000000)
  to   space 71680K, 0% used [0x00000000f7400000,0x00000000f7400000,0x00000000fba00000)
 ParOldGen       total 524288K, used 77458K [0x00000000d0000000, 0x00000000f0000000, 0x00000000f0000000)
  object space 524288K, 14% used [0x00000000d0000000,0x00000000d4ba4980,0x00000000f0000000)
 Metaspace       used 77567K, capacity 81462K, committed 81788K, reserved 1120256K
  class space    used 9820K, capacity 10840K, committed 10928K, reserved 1048576K
}

