# JRE version: OpenJDK Runtime Environment (8.0_282-b08) (build 1.8.0_282-8u282-b08-0ubuntu1~18.04-b08)
# Java VM: OpenJDK 64-Bit Server VM (25.282-b08 mixed mode linux-amd64 compressed oops)
Heap:
 PSYoungGen      total 201216K, used 118614K [0x00000000f0000000, 0x0000000100000000, 0x0000000100000000)
  eden space 141312K, 71% used [0x00000000f0000000,0x00000000f62ff258,0x00000000f8a00000)
  from space 59904K, 28% used [0x00000000f8a00000,0x00000000f9ad6928,0x00000000fc480000)
  to   space 59392K, 0% used [0x00000000fc600000,0x00000000fc600000,0x0000000100000000)
 ParOldGen       total 524288K, used 122587K [0x00000000d0000000, 0x00000000f0000000, 0x00000000f0000000)
  object space 524288K, 23% used [0x00000000d0000000,0x00000000d77b6f78,0x00000000f0000000)
 Metaspace       used 85412K, capacity 90906K, committed 91160K, reserved 1128448K
  class space    used 10721K, capacity 12319K, committed 12336K, reserved 1048576K
GC Heap History (10 events):
Event: 5420.954 GC heap before
{Heap before GC invocations=46 (full 3):
 PSYoungGen      total 198656K, used 159862K [0x00000000f0000000, 0x0000000100000000, 0x0000000100000000)
  eden space 133632K, 100% used [0x00000000f0000000,0x00000000f8280000,0x00000000f8280000)
  from space 65024K, 40% used [0x00000000fc080000,0x00000000fda1dbb8,0x0000000100000000)
  to   space 63488K, 0% used [0x00000000f8280000,0x00000000f8280000,0x00000000fc080000)
 ParOldGen       total 524288K, used 105987K [0x00000000d0000000, 0x00000000f0000000, 0x00000000f0000000)
  object space 524288K, 20% used [0x00000000d0000000,0x00000000d6780d18,0x00000000f0000000)
 Metaspace       used 78903K, capacity 84004K, committed 84248K, reserved 1122304K
  class space    used 10313K, capacity 11820K, committed 11824K, reserved 1048576K
Event: 5421.033 GC heap after
Heap after GC invocations=46 (full 3):
 PSYoungGen      total 197120K, used 24496K [0x00000000f0000000, 0x0000000100000000, 0x0000000100000000)
  eden space 133632K, 0% used [0x00000000f0000000,0x00000000f0000000,0x00000000f8280000)
  from space 63488K, 38% used [0x00000000f8280000,0x00000000f9a6c250,0x00000000fc080000)
  to   space 62464K, 0% used [0x00000000fc300000,0x00000000fc300000,0x0000000100000000)
 ParOldGen       total 524288K, used 107944K [0x00000000d0000000, 0x00000000f0000000, 0x00000000f0000000)
  object space 524288K, 20% used [0x00000000d0000000,0x00000000d696a018,0x00000000f0000000)
 Metaspace       used 78903K, capacity 84004K, committed 84248K, reserved 1122304K
  class space    used 10313K, capacity 11820K, committed 11824K, reserved 1048576K
}
Event: 8002.804 GC heap before
{Heap before GC invocations=47 (full 3):
 PSYoungGen      total 197120K, used 158128K [0x00000000f0000000, 0x0000000100000000, 0x0000000100000000)
  eden space 133632K, 100% used [0x00000000f0000000,0x00000000f8280000,0x00000000f8280000)
  from space 63488K, 38% used [0x00000000f8280000,0x00000000f9a6c250,0x00000000fc080000)
  to   space 62464K, 0% used [0x00000000fc300000,0x00000000fc300000,0x0000000100000000)
 ParOldGen       total 524288K, used 107944K [0x00000000d0000000, 0x00000000f0000000, 0x00000000f0000000)
  object space 524288K, 20% used [0x00000000d0000000,0x00000000d696a018,0x00000000f0000000)
 Metaspace       used 79271K, capacity 84456K, committed 84632K, reserved 1122304K
  class space    used 10337K, capacity 11858K, committed 11952K, reserved 1048576K
Event: 8002.815 GC heap after
Heap after GC invocations=47 (full 3):
 PSYoungGen      total 200192K, used 23001K [0x00000000f0000000, 0x0000000100000000, 0x0000000100000000)
  eden space 137728K, 0% used [0x00000000f0000000,0x00000000f0000000,0x00000000f8680000)
  from space 62464K, 36% used [0x00000000fc300000,0x00000000fd976580,0x0000000100000000)
  to   space 61952K, 0% used [0x00000000f8680000,0x00000000f8680000,0x00000000fc300000)
 ParOldGen       total 524288K, used 109543K [0x00000000d0000000, 0x00000000f0000000, 0x00000000f0000000)
  object space 524288K, 20% used [0x00000000d0000000,0x00000000d6af9dc8,0x00000000f0000000)
 Metaspace       used 79271K, capacity 84456K, committed 84632K, reserved 1122304K
  class space    used 10337K, capacity 11858K, committed 11952K, reserved 1048576K
}
Event: 10563.141 GC heap before
{Heap before GC invocations=48 (full 3):
 PSYoungGen      total 200192K, used 160729K [0x00000000f0000000, 0x0000000100000000, 0x0000000100000000)
  eden space 137728K, 100% used [0x00000000f0000000,0x00000000f8680000,0x00000000f8680000)
  from space 62464K, 36% used [0x00000000fc300000,0x00000000fd976580,0x0000000100000000)
  to   space 61952K, 0% used [0x00000000f8680000,0x00000000f8680000,0x00000000fc300000)
 ParOldGen       total 524288K, used 109543K [0x00000000d0000000, 0x00000000f0000000, 0x00000000f0000000)
  object space 524288K, 20% used [0x00000000d0000000,0x00000000d6af9dc8,0x00000000f0000000)
 Metaspace       used 79881K, capacity 85088K, committed 85400K, reserved 1122304K
  class space    used 10368K, capacity 11895K, committed 11952K, reserved 1048576K
Event: 10563.151 GC heap after
Heap after GC invocations=48 (full 3):
 PSYoungGen      total 199680K, used 19507K [0x00000000f0000000, 0x0000000100000000, 0x0000000100000000)
  eden space 137728K, 0% used [0x00000000f0000000,0x00000000f0000000,0x00000000f8680000)
  from space 61952K, 31% used [0x00000000f8680000,0x00000000f998ce18,0x00000000fc300000)
  to   space 60928K, 0% used [0x00000000fc480000,0x00000000fc480000,0x0000000100000000)
 ParOldGen       total 524288K, used 111984K [0x00000000d0000000, 0x00000000f0000000, 0x00000000f0000000)
  object space 524288K, 21% used [0x00000000d0000000,0x00000000d6d5c2b0,0x00000000f0000000)
 Metaspace       used 79881K, capacity 85088K, committed 85400K, reserved 1122304K
  class space    used 10368K, capacity 11895K, committed 11952K, reserved 1048576K
}
Event: 10601.491 GC heap before
{Heap before GC invocations=49 (full 3):
 PSYoungGen      total 199680K, used 157235K [0x00000000f0000000, 0x0000000100000000, 0x0000000100000000)
  eden space 137728K, 100% used [0x00000000f0000000,0x00000000f8680000,0x00000000f8680000)
  from space 61952K, 31% used [0x00000000f8680000,0x00000000f998ce18,0x00000000fc300000)
  to   space 60928K, 0% used [0x00000000fc480000,0x00000000fc480000,0x0000000100000000)
 ParOldGen       total 524288K, used 111984K [0x00000000d0000000, 0x00000000f0000000, 0x00000000f0000000)
  object space 524288K, 21% used [0x00000000d0000000,0x00000000d6d5c2b0,0x00000000f0000000)
 Metaspace       used 79956K, capacity 85224K, committed 85400K, reserved 1122304K
  class space    used 10384K, capacity 11920K, committed 11952K, reserved 1048576K
Event: 10601.499 GC heap after
Heap after GC invocations=49 (full 3):
 PSYoungGen      total 202240K, used 20732K [0x00000000f0000000, 0x0000000100000000, 0x0000000100000000)
  eden space 141312K, 0% used [0x00000000f0000000,0x00000000f0000000,0x00000000f8a00000)
  from space 60928K, 34% used [0x00000000fc480000,0x00000000fd8bf3e8,0x0000000100000000)
  to   space 59904K, 0% used [0x00000000f8a00000,0x00000000f8a00000,0x00000000fc480000)
 ParOldGen       total 524288K, used 112223K [0x00000000d0000000, 0x00000000f0000000, 0x00000000f0000000)
  object space 524288K, 21% used [0x00000000d0000000,0x00000000d6d97c38,0x00000000f0000000)
 Metaspace       used 79956K, capacity 85224K, committed 85400K, reserved 1122304K
  class space    used 10384K, capacity 11920K, committed 11952K, reserved 1048576K
}
Event: 10749.248 GC heap before
{Heap before GC invocations=50 (full 3):
 PSYoungGen      total 202240K, used 162044K [0x00000000f0000000, 0x0000000100000000, 0x0000000100000000)
  eden space 141312K, 100% used [0x00000000f0000000,0x00000000f8a00000,0x00000000f8a00000)
  from space 60928K, 34% used [0x00000000fc480000,0x00000000fd8bf3e8,0x0000000100000000)
  to   space 59904K, 0% used [0x00000000f8a00000,0x00000000f8a00000,0x00000000fc480000)
 ParOldGen       total 524288K, used 112223K [0x00000000d0000000, 0x00000000f0000000, 0x00000000f0000000)
  object space 524288K, 21% used [0x00000000d0000000,0x00000000d6d97c38,0x00000000f0000000)
 Metaspace       used 81724K, capacity 87116K, committed 87320K, reserved 1124352K
  class space    used 10496K, capacity 12046K, committed 12080K, reserved 1048576K
Event: 10749.267 GC heap after
Heap after GC invocations=50 (full 3):
 PSYoungGen      total 201216K, used 17242K [0x00000000f0000000, 0x0000000100000000, 0x0000000100000000)
  eden space 141312K, 0% used [0x00000000f0000000,0x00000000f0000000,0x00000000f8a00000)
  from space 59904K, 28% used [0x00000000f8a00000,0x00000000f9ad6928,0x00000000fc480000)
  to   space 59392K, 0% used [0x00000000fc600000,0x00000000fc600000,0x0000000100000000)
 ParOldGen       total 524288K, used 122587K [0x00000000d0000000, 0x00000000f0000000, 0x00000000f0000000)
  object space 524288K, 23% used [0x00000000d0000000,0x00000000d77b6f78,0x00000000f0000000)
 Metaspace       used 81724K, capacity 87116K, committed 87320K, reserved 1124352K
  class space    used 10496K, capacity 12046K, committed 12080K, reserved 1048576K
}

